<?xml version="1.0" encoding="UTF-8"?>
<testsuite xmlns:xsi="http://www.w3.org/2001/XMLSchema-instance" xsi:schemaLocation="https://maven.apache.org/surefire/maven-surefire-plugin/xsd/surefire-test-report.xsd" name="runner.TestRunner" time="26.981" tests="8" errors="0" skipped="0" failures="0">
  <properties>
[...]
</properties>
  <testcase name="Given User navigate to page &quot;https://anotepad.com/login&quot;" classname="| thanhhai.ng.333@gmail.com | 123456 |" time="0.002"/>
  <testcase name="When User input &quot;thanhhai.ng.333@gmail.com&quot; and &quot;123456&quot;" classname="| thanhhai.ng.333@gmail.com | 123456 |" time="0"/>
  <testcase name="Then User navigate to main page success" classname="| thanhhai.ng.333@gmail.com | 123456 |" time="0"/>
  <testcase name="| thanhhai.ng.333@gmail.com | 123456 |" classname="| thanhhai.ng.333@gmail.com | 123456 |" time="0.221"/>
  <testcase name="Given User navigate to page &quot;https://anotepad.com/login&quot;" classname="| blank | blank |" time="0"/>
  <testcase name="When User input &quot;blank&quot; and &quot;blank&quot;" classname="| blank | blank |" time="0"/>
  <testcase name="Then User navigate to main page success" classname="| blank | blank |" time="0"/>
  <testcase name="| blank | blank |" classname="| blank | blank |" time="4.16"/>
</testsuite>