<?xml version="1.0" encoding="UTF-8"?>
<testsuite xmlns:xsi="http://www.w3.org/2001/XMLSchema-instance" xsi:schemaLocation="https://maven.apache.org/surefire/maven-surefire-plugin/xsd/surefire-test-report.xsd" name="runner.TestRunner" time="98.594" tests="31" errors="0" skipped="0" failures="0">
  <properties>
[...]
</properties>
  <testcase name="Given User navigate to page &quot;https://anotepad.com/login&quot;" classname="| thanhhai.ng.333@gmail.com | 123456 |" time="0.009"/>
  <testcase name="When User input &quot;thanhhai.ng.333@gmail.com&quot; and &quot;123456&quot;" classname="| thanhhai.ng.333@gmail.com | 123456 |" time="0"/>
  <testcase name="Then User navigate to main page success" classname="| thanhhai.ng.333@gmail.com | 123456 |" time="0.001"/>
  <testcase name="| thanhhai.ng.333@gmail.com | 123456 |" classname="| thanhhai.ng.333@gmail.com | 123456 |" time="0.167"/>
  <testcase name="Given User navigate to page &quot;https://anotepad.com/login&quot;" classname="| blank | blank |" time="0.005"/>
  <testcase name="When User input &quot;blank&quot; and &quot;blank&quot;" classname="| blank | blank |" time="0"/>
  <testcase name="Then User navigate to main page success" classname="| blank | blank |" time="0"/>
  <testcase name="| blank | blank |" classname="| blank | blank |" time="4.338"/>
  <testcase name="Given User navigate to page &quot;https://anotepad.com/login&quot;" classname="| pw blank, invalid username | aaa | blank |" time="0"/>
  <testcase name="When User input &quot;aaa&quot; and &quot;blank&quot;" classname="| pw blank, invalid username | aaa | blank |" time="0"/>
  <testcase name="Then User stay in login page, not login success" classname="| pw blank, invalid username | aaa | blank |" time="0"/>
  <testcase name="| pw blank, invalid username | aaa | blank |" classname="| pw blank, invalid username | aaa | blank |" time="0.299"/>
  <testcase name="Given User navigate to page &quot;https://anotepad.com/login&quot;" classname="| username blank | blank | aaa |" time="0"/>
  <testcase name="When User input &quot;blank&quot; and &quot;aaa&quot;" classname="| username blank | blank | aaa |" time="0.001"/>
  <testcase name="Then User stay in login page, not login success" classname="| username blank | blank | aaa |" time="0"/>
  <testcase name="| username blank | blank | aaa |" classname="| username blank | blank | aaa |" time="4.318"/>
  <testcase name="Given User navigate to page &quot;https://anotepad.com/login&quot;" classname="| pw blank, valid username | aaa@gmail.com | blank |" time="0"/>
  <testcase name="When User input &quot;aaa@gmail.com&quot; and &quot;blank&quot;" classname="| pw blank, valid username | aaa@gmail.com | blank |" time="0"/>
  <testcase name="Then User stay in login page, not login success" classname="| pw blank, valid username | aaa@gmail.com | blank |" time="0"/>
  <testcase name="| pw blank, valid username | aaa@gmail.com | blank |" classname="| pw blank, valid username | aaa@gmail.com | blank |" time="4.332"/>
  <testcase name="Given User navigate to page &quot;https://anotepad.com/login&quot;" classname="| valid username, wrong pass | thanhhai.ng.333@gmail.com | 11111 |" time="0"/>
  <testcase name="When User input &quot;thanhhai.ng.333@gmail.com&quot; and &quot;11111&quot;" classname="| valid username, wrong pass | thanhhai.ng.333@gmail.com | 11111 |" time="0.004"/>
  <testcase name="Then User stay in login page, not login success" classname="| valid username, wrong pass | thanhhai.ng.333@gmail.com | 11111 |" time="0"/>
  <testcase name="| valid username, wrong pass | thanhhai.ng.333@gmail.com | 11111 |" classname="| valid username, wrong pass | thanhhai.ng.333@gmail.com | 11111 |" time="4.083"/>
  <testcase name="Given User navigate to page &quot;https://anotepad.com/login&quot;" classname="Scenario: Create and login with new account" time="0"/>
  <testcase name="And User navigate to create account page" classname="Scenario: Create and login with new account" time="0"/>
  <testcase name="And User create new account with generate username and default PW" classname="Scenario: Create and login with new account" time="0"/>
  <testcase name="When User navigate back to login page" classname="Scenario: Create and login with new account" time="0"/>
  <testcase name="And Login with new create account" classname="Scenario: Create and login with new account" time="0"/>
  <testcase name="Then User navigate to main page success" classname="Scenario: Create and login with new account" time="0"/>
  <testcase name="Scenario: Create and login with new account" classname="Scenario: Create and login with new account" time="4.103"/>
</testsuite>